2018-10-03T20:35:59 Checking update-file '/usr/share/kde4/apps/kconf_update/kio_help.upd' for new updates
2018-10-03T20:35:59 kio_help.upd: Found new update 'kde3_2'
2018-10-03T20:35:59 kio_help.upd: Running script 'move_kio_help_cache.sh'
2018-10-03T20:35:59 [Script] mv: cannot stat '/home/landau/.kde/share/apps/kio_help/cache': No such file or directory
2018-10-03T20:35:59 [Script] rmdir: failed to remove '/home/landau/.kde/share/apps/kio_help': No such file or directory
2018-10-03T20:35:59 Checking update-file '/usr/share/kde4/apps/kconf_update/disable_kmix.upd' for new updates
2018-10-03T20:35:59 disable_kmix.upd: Found new update 'PlasmaVolume_DisableKMixAutostart'
2018-10-03T20:35:59 disable_kmix.upd: File 'kmixrc' does not exist or empty, skipping
2018-10-03T20:35:59 Checking update-file '/usr/share/kde4/apps/kconf_update/ksslcertificatemanager.upd' for new updates
2018-10-03T20:35:59 ksslcertificatemanager.upd: Found new update 'kde4.2'
2018-10-03T20:35:59 ksslcertificatemanager.upd: Running script 'ksslcertificatemanager.upd.sh'
2018-10-03T20:35:59 [Script] rm: cannot remove '/home/landau/.kde//share/config/ksslcertificatemanager': No such file or directory
2018-10-03T20:35:59 ksslcertificatemanager.upd: !! An error occurred while running 'sh /usr/share/kde4/apps/kconf_update/ksslcertificatemanager.upd.sh'
2018-10-03T20:35:59 Checking update-file '/usr/share/kde4/apps/kconf_update/kwallet-4.13.upd' for new updates
2018-10-03T20:35:59 kwallet-4.13.upd: Found new update 'kde4.13'
2018-10-03T20:35:59 kwallet-4.13.upd: File 'kwalletrc' does not exist or empty, skipping
2018-10-03T20:35:59 Checking update-file '/usr/share/kde4/apps/kconf_update/devicepreference.upd' for new updates
2018-10-03T20:35:59 devicepreference.upd: Found new update 'DevicesMovedToPlatformPlugin'
2018-10-03T20:35:59 devicepreference.upd: Running script 'phonon_devicepreference_update'
2018-10-03T20:35:59 devicepreference.upd: Found new update 'DevicesUIDsChanged'
2018-10-03T20:35:59 devicepreference.upd: Running script 'phonon_deviceuids_update'
2018-10-03T20:35:59 Checking update-file '/usr/share/kde4/apps/kconf_update/kded.upd' for new updates
2018-10-03T20:35:59 kded.upd: Found new update 'kde3.0'
2018-10-03T20:35:59 kded.upd: File 'kdedrc' does not exist or empty, skipping
2018-10-03T20:35:59 Checking update-file '/usr/share/kde4/apps/kconf_update/drkonqi-rename-config-section.upd' for new updates
2018-10-03T20:35:59 drkonqi-rename-config-section.upd: Found new update 'kde-4.11'
2018-10-03T20:35:59 drkonqi-rename-config-section.upd: File 'drkonqirc' does not exist or empty, skipping
2018-10-03T20:35:59 Checking update-file '/usr/share/kde4/apps/kconf_update/kate-2.4.upd' for new updates
2018-10-03T20:35:59 kate-2.4.upd: Found new update 'kate2.4'
2018-10-03T20:35:59 Checking update-file '/usr/share/kde4/apps/kconf_update/kioslave.upd' for new updates
2018-10-03T20:35:59 kioslave.upd: Found new update 'kde2.2/r1'
2018-10-03T20:35:59 kioslave.upd: File 'kioslaverc' does not exist or empty, skipping
2018-10-03T20:35:59 kioslave.upd: Skipping update 'kde2.2/r1'
2018-10-03T20:35:59 kioslave.upd: File 'kioslaverc' does not exist or empty, skipping
2018-10-03T20:35:59 kioslave.upd: Found new update 'kde2.2/r2'
2018-10-03T20:35:59 kioslave.upd: File 'kioslaverc' does not exist or empty, skipping
2018-10-03T20:35:59 kioslave.upd: Found new update 'kde2.2/r3'
2018-10-03T20:35:59 kioslave.upd: File 'kioslaverc' does not exist or empty, skipping
2018-10-03T20:35:59 Checking update-file '/usr/share/kde4/apps/kconf_update/amarok.upd' for new updates
2018-10-03T20:35:59 amarok.upd: Found new update '1'
2018-10-03T20:35:59 amarok.upd: File 'amarokrc' does not exist or empty, skipping
2018-10-03T20:35:59 Checking update-file '/usr/share/kde4/apps/kconf_update/kcookiescfg.upd' for new updates
2018-10-03T20:35:59 kcookiescfg.upd: Found new update 'kde2.2/b1'
2018-10-03T20:35:59 kcookiescfg.upd: File 'kcookiejarrc' does not exist or empty, skipping
2018-10-03T20:35:59 kcookiescfg.upd: Found new update 'kde3.1/cvs'
2018-10-03T20:35:59 kcookiescfg.upd: File 'kcookiejarrc' does not exist or empty, skipping
2018-10-03T20:35:59 kcookiescfg.upd: Found new update 'kde4.10/git'
2018-10-03T20:35:59 kcookiescfg.upd: File 'kcookiejarrc' does not exist or empty, skipping
2018-10-03T20:35:59 Checking update-file '/usr/share/kde4/apps/kconf_update/kuriikwsfilter.upd' for new updates
2018-10-03T20:35:59 kuriikwsfilter.upd: Found new update 'post-kde3.1/cvs'
2018-10-03T20:35:59 kuriikwsfilter.upd: File 'kuriikwsfilterrc' does not exist or empty, skipping
2018-10-03T20:35:59 kuriikwsfilter.upd: Found new update 'pre-kde4.9'
2018-10-03T20:35:59 kuriikwsfilter.upd: File 'kuriikwsfilterrc' does not exist or empty, skipping
2018-10-03T20:35:59 Checking update-file '/usr/share/kde4/apps/kconf_update/kdeui.upd' for new updates
2018-10-03T20:35:59 kdeui.upd: Found new update 'kde4/migrate_from_kde3_icon_theme'
2018-10-03T20:35:59 kdeui.upd: File 'kdeglobals' does not exist or empty, skipping
